<?xml version="1.0" encoding="UTF-8"?>
<testsuites name="TestSuite 2" time="89" tests="2" failures="0" errors="1">
   <testsuite name="TestSuite 2" tests="2" failures="0" errors="1" time="89" timestamp="2018-11-15 16:47:07" hostname="bhanawat_m - Digambar-SK.India.XoriantCorp.com" id="Test Suites/Mohit/TestSuite 2">
      <properties>
         <property name="deviceName" value=""/>
         <property name="devicePlatform" value=""/>
         <property name="logFolder" value="C:\\Users\\bhanawat_m\\git\\KatalonDemo\\Reports\\Mohit\\TestSuite 2\\20181115_164659"/>
         <property name="logFiles" value="C:\\Users\\bhanawat_m\\git\\KatalonDemo\\Reports\\Mohit\\TestSuite 2\\20181115_164659\\execution0.log"/>
         <property name="attachments" value=""/>
         <property name="hostName" value="bhanawat_m - Digambar-SK.India.XoriantCorp.com"/>
         <property name="os" value="Windows 10 64bit"/>
         <property name="katalonVersion" value="5.8.6.1"/>
         <property name="browser" value="Chrome 70.0.3538.102"/>
         <property name="hostAddress" value="10.0.75.1"/>
         <property name="sessionId" value="e1859152f12dff86e55af2ae52b48ed1"/>
         <property name="seleniumVersion" value="3.7.1"/>
         <property name="proxyInformation" value="ProxyInformation{proxyOption=USE_SYSTEM, proxyServerType=HTTP, password=, proxyServerAddress=, proxyServerPort=0}"/>
         <property name="platform" value="Windows 10"/>
      </properties>
      <testcase name="Test Cases/Mohit/Drag_Drop" classname="Test Cases/Mohit/Drag_Drop" status="PASSED">
         <system-out><![CDATA[2018-11-15 16:47:09 - [TEST_CASE][PASSED] - Test Cases/Mohit/Drag_Drop: Test Cases/Mohit/Drag_Drop

2018-11-15 16:47:10 - [TEST_STEP][PASSED] - Statement - imgDir = com.kms.katalon.core.configuration.RunConfiguration.getProjectDir() + "/img/": null

2018-11-15 16:47:10 - [TEST_STEP][PASSED] - Statement - java.lang.Thread.sleep(2000): null

2018-11-15 16:47:12 - [TEST_STEP][PASSED] - openBrowser: Browser is opened with url: 'https://html5demos.com/drag/'

2018-11-15 16:47:35 - [MESSAGE][PASSED] - Browser is opened with url: 'https://html5demos.com/drag/'

2018-11-15 16:47:35 - [TEST_STEP][PASSED] - maximizeWindow: Current window maximized

2018-11-15 16:47:36 - [MESSAGE][PASSED] - Current window maximized

2018-11-15 16:47:36 - [TEST_STEP][PASSED] - Statement - java.lang.Thread.sleep(2000): null

2018-11-15 16:47:38 - [TEST_STEP][PASSED] - Statement - screen = new org.sikuli.script.Screen(): null

2018-11-15 16:47:50 - [TEST_STEP][PASSED] - Statement - one = new org.sikuli.script.Pattern((imgDir + one.png)): null

2018-11-15 16:47:55 - [TEST_STEP][PASSED] - Statement - drop = new org.sikuli.script.Pattern((imgDir + drop.png)): null

2018-11-15 16:47:55 - [TEST_STEP][PASSED] - Statement - java.lang.Thread.sleep(2000): null

2018-11-15 16:47:57 - [TEST_STEP][PASSED] - Statement - screen.dragDrop(one, drop): null]]></system-out>
         <system-err><![CDATA[]]></system-err>
      </testcase>
      <testcase name="Test Cases/Mohit/File Upload_Sekuli" classname="Test Cases/Mohit/File Upload_Sekuli" status="ERROR">
         <error type="ERROR" message="Test Cases/Mohit/File Upload_Sekuli FAILED because (of) (Stack trace: FindFailed: C:/Users/bhanawat_m/git/KatalonDemo/img/FileName.png: (210x30) in S(0)[0,0 1440x900] E:Y, T:3.0
  Line 2277, in file Region.java

	at org.sikuli.script.Region.wait(Region.java:2277)
	at org.sikuli.script.Region.wait(Region.java:2295)
	at org.sikuli.script.Region.getLocationFromTarget(Region.java:3270)
	at org.sikuli.script.Region.click(Region.java:3875)
	at org.sikuli.script.Region.paste(Region.java:4635)
	at org.sikuli.script.Region$paste$0.call(Unknown Source)
	at org.codehaus.groovy.runtime.callsite.CallSiteArray.defaultCall(CallSiteArray.java:48)
	at org.codehaus.groovy.runtime.callsite.AbstractCallSite.call(AbstractCallSite.java:113)
	at org.codehaus.groovy.runtime.callsite.AbstractCallSite.call(AbstractCallSite.java:133)
	at Script1542097864063.run(Script1542097864063.groovy:26)
	at com.kms.katalon.core.main.ScriptEngine.run(ScriptEngine.java:183)
	at com.kms.katalon.core.main.ScriptEngine.runScriptAsRawText(ScriptEngine.java:108)
	at com.kms.katalon.core.main.TestCaseExecutor.runScript(TestCaseExecutor.java:294)
	at com.kms.katalon.core.main.TestCaseExecutor.doExecute(TestCaseExecutor.java:285)
	at com.kms.katalon.core.main.TestCaseExecutor.processExecutionPhase(TestCaseExecutor.java:264)
	at com.kms.katalon.core.main.TestCaseExecutor.accessMainPhase(TestCaseExecutor.java:256)
	at com.kms.katalon.core.main.TestCaseExecutor.execute(TestCaseExecutor.java:200)
	at com.kms.katalon.core.main.TestSuiteExecutor.accessTestCaseMainPhase(TestSuiteExecutor.java:129)
	at com.kms.katalon.core.main.TestSuiteExecutor.accessTestSuiteMainPhase(TestSuiteExecutor.java:112)
	at com.kms.katalon.core.main.TestSuiteExecutor.execute(TestSuiteExecutor.java:81)
	at com.kms.katalon.core.main.TestCaseMain.startTestSuite(TestCaseMain.java:142)
	at com.kms.katalon.core.main.TestCaseMain$startTestSuite$0.call(Unknown Source)
	at org.codehaus.groovy.runtime.callsite.CallSiteArray.defaultCall(CallSiteArray.java:48)
	at org.codehaus.groovy.runtime.callsite.AbstractCallSite.call(AbstractCallSite.java:113)
	at org.codehaus.groovy.runtime.callsite.AbstractCallSite.call(AbstractCallSite.java:141)
	at TempTestSuite1542280619360.run(TempTestSuite1542280619360.groovy:36)
	at groovy.lang.GroovyShell.runScriptOrMainOrTestOrRunnable(GroovyShell.java:263)
	at groovy.lang.GroovyShell.run(GroovyShell.java:518)
	at groovy.lang.GroovyShell.run(GroovyShell.java:507)
	at groovy.ui.GroovyMain.processOnce(GroovyMain.java:653)
	at groovy.ui.GroovyMain.run(GroovyMain.java:384)
	at groovy.ui.GroovyMain.process(GroovyMain.java:370)
	at groovy.ui.GroovyMain.processArgs(GroovyMain.java:129)
	at groovy.ui.GroovyMain.main(GroovyMain.java:109)
	at sun.reflect.NativeMethodAccessorImpl.invoke0(Native Method)
	at sun.reflect.NativeMethodAccessorImpl.invoke(NativeMethodAccessorImpl.java:62)
	at sun.reflect.DelegatingMethodAccessorImpl.invoke(DelegatingMethodAccessorImpl.java:43)
	at java.lang.reflect.Method.invoke(Method.java:498)
	at org.codehaus.groovy.tools.GroovyStarter.rootLoader(GroovyStarter.java:109)
	at org.codehaus.groovy.tools.GroovyStarter.main(GroovyStarter.java:131)
)"/>
         <system-out><![CDATA[2018-11-15 16:48:00 - [TEST_CASE][ERROR] - Test Cases/Mohit/File Upload_Sekuli: Test Cases/Mohit/File Upload_Sekuli FAILED because (of) (Stack trace: FindFailed: C:/Users/bhanawat_m/git/KatalonDemo/img/FileName.png: (210x30) in S(0)[0,0 1440x900] E:Y, T:3.0
  Line 2277, in file Region.java

	at org.sikuli.script.Region.wait(Region.java:2277)
	at org.sikuli.script.Region.wait(Region.java:2295)
	at org.sikuli.script.Region.getLocationFromTarget(Region.java:3270)
	at org.sikuli.script.Region.click(Region.java:3875)
	at org.sikuli.script.Region.paste(Region.java:4635)
	at org.sikuli.script.Region$paste$0.call(Unknown Source)
	at org.codehaus.groovy.runtime.callsite.CallSiteArray.defaultCall(CallSiteArray.java:48)
	at org.codehaus.groovy.runtime.callsite.AbstractCallSite.call(AbstractCallSite.java:113)
	at org.codehaus.groovy.runtime.callsite.AbstractCallSite.call(AbstractCallSite.java:133)
	at Script1542097864063.run(Script1542097864063.groovy:26)
	at com.kms.katalon.core.main.ScriptEngine.run(ScriptEngine.java:183)
	at com.kms.katalon.core.main.ScriptEngine.runScriptAsRawText(ScriptEngine.java:108)
	at com.kms.katalon.core.main.TestCaseExecutor.runScript(TestCaseExecutor.java:294)
	at com.kms.katalon.core.main.TestCaseExecutor.doExecute(TestCaseExecutor.java:285)
	at com.kms.katalon.core.main.TestCaseExecutor.processExecutionPhase(TestCaseExecutor.java:264)
	at com.kms.katalon.core.main.TestCaseExecutor.accessMainPhase(TestCaseExecutor.java:256)
	at com.kms.katalon.core.main.TestCaseExecutor.execute(TestCaseExecutor.java:200)
	at com.kms.katalon.core.main.TestSuiteExecutor.accessTestCaseMainPhase(TestSuiteExecutor.java:129)
	at com.kms.katalon.core.main.TestSuiteExecutor.accessTestSuiteMainPhase(TestSuiteExecutor.java:112)
	at com.kms.katalon.core.main.TestSuiteExecutor.execute(TestSuiteExecutor.java:81)
	at com.kms.katalon.core.main.TestCaseMain.startTestSuite(TestCaseMain.java:142)
	at com.kms.katalon.core.main.TestCaseMain$startTestSuite$0.call(Unknown Source)
	at org.codehaus.groovy.runtime.callsite.CallSiteArray.defaultCall(CallSiteArray.java:48)
	at org.codehaus.groovy.runtime.callsite.AbstractCallSite.call(AbstractCallSite.java:113)
	at org.codehaus.groovy.runtime.callsite.AbstractCallSite.call(AbstractCallSite.java:141)
	at TempTestSuite1542280619360.run(TempTestSuite1542280619360.groovy:36)
	at groovy.lang.GroovyShell.runScriptOrMainOrTestOrRunnable(GroovyShell.java:263)
	at groovy.lang.GroovyShell.run(GroovyShell.java:518)
	at groovy.lang.GroovyShell.run(GroovyShell.java:507)
	at groovy.ui.GroovyMain.processOnce(GroovyMain.java:653)
	at groovy.ui.GroovyMain.run(GroovyMain.java:384)
	at groovy.ui.GroovyMain.process(GroovyMain.java:370)
	at groovy.ui.GroovyMain.processArgs(GroovyMain.java:129)
	at groovy.ui.GroovyMain.main(GroovyMain.java:109)
	at sun.reflect.NativeMethodAccessorImpl.invoke0(Native Method)
	at sun.reflect.NativeMethodAccessorImpl.invoke(NativeMethodAccessorImpl.java:62)
	at sun.reflect.DelegatingMethodAccessorImpl.invoke(DelegatingMethodAccessorImpl.java:43)
	at java.lang.reflect.Method.invoke(Method.java:498)
	at org.codehaus.groovy.tools.GroovyStarter.rootLoader(GroovyStarter.java:109)
	at org.codehaus.groovy.tools.GroovyStarter.main(GroovyStarter.java:131)
)

2018-11-15 16:48:01 - [TEST_STEP][PASSED] - Statement - imgDir = com.kms.katalon.core.configuration.RunConfiguration.getProjectDir() + "/img/": null

2018-11-15 16:48:01 - [TEST_STEP][PASSED] - openBrowser: Browser is opened with url: ''

2018-11-15 16:48:01 - [MESSAGE][WARNING] - A browser is already opened. Closing browser and opening a new one

2018-11-15 16:48:10 - [MESSAGE][PASSED] - Browser is opened with url: ''

2018-11-15 16:48:10 - [TEST_STEP][PASSED] - navigateToUrl: Navigate to 'https://cgi-lib.berkeley.edu/ex/fup.html' successfully

2018-11-15 16:48:15 - [MESSAGE][PASSED] - Navigate to 'https://cgi-lib.berkeley.edu/ex/fup.html' successfully

2018-11-15 16:48:15 - [TEST_STEP][PASSED] - maximizeWindow: Current window maximized

2018-11-15 16:48:16 - [MESSAGE][PASSED] - Current window maximized

2018-11-15 16:48:16 - [TEST_STEP][PASSED] - click: Object: 'Object Repository/Page_Sample File Upload Form/input_File to uploadNotes abou' is clicked on

2018-11-15 16:48:16 - [MESSAGE][PASSED] - Object: 'Object Repository/Page_Sample File Upload Form/input_File to uploadNotes abou' is clicked on

2018-11-15 16:48:16 - [TEST_STEP][PASSED] - Statement - scr = new org.sikuli.script.Screen(): null

2018-11-15 16:48:16 - [TEST_STEP][PASSED] - Statement - open = new org.sikuli.script.Pattern((imgDir + Open.png)): null

2018-11-15 16:48:16 - [TEST_STEP][PASSED] - Statement - fileName = new org.sikuli.script.Pattern((imgDir + FileName.png)): null

2018-11-15 16:48:16 - [TEST_STEP][PASSED] - Statement - java.lang.Thread.sleep(2000): null

2018-11-15 16:48:18 - [TEST_STEP][PASSED] - Statement - scr.paste(fileName, "D:" + "\" + "file.txt"): null]]></system-out>
         <system-err><![CDATA[2018-11-15 16:48:00 - [TEST_CASE][ERROR] - Test Cases/Mohit/File Upload_Sekuli: Test Cases/Mohit/File Upload_Sekuli FAILED because (of) (Stack trace: FindFailed: C:/Users/bhanawat_m/git/KatalonDemo/img/FileName.png: (210x30) in S(0)[0,0 1440x900] E:Y, T:3.0
  Line 2277, in file Region.java

	at org.sikuli.script.Region.wait(Region.java:2277)
	at org.sikuli.script.Region.wait(Region.java:2295)
	at org.sikuli.script.Region.getLocationFromTarget(Region.java:3270)
	at org.sikuli.script.Region.click(Region.java:3875)
	at org.sikuli.script.Region.paste(Region.java:4635)
	at org.sikuli.script.Region$paste$0.call(Unknown Source)
	at org.codehaus.groovy.runtime.callsite.CallSiteArray.defaultCall(CallSiteArray.java:48)
	at org.codehaus.groovy.runtime.callsite.AbstractCallSite.call(AbstractCallSite.java:113)
	at org.codehaus.groovy.runtime.callsite.AbstractCallSite.call(AbstractCallSite.java:133)
	at Script1542097864063.run(Script1542097864063.groovy:26)
	at com.kms.katalon.core.main.ScriptEngine.run(ScriptEngine.java:183)
	at com.kms.katalon.core.main.ScriptEngine.runScriptAsRawText(ScriptEngine.java:108)
	at com.kms.katalon.core.main.TestCaseExecutor.runScript(TestCaseExecutor.java:294)
	at com.kms.katalon.core.main.TestCaseExecutor.doExecute(TestCaseExecutor.java:285)
	at com.kms.katalon.core.main.TestCaseExecutor.processExecutionPhase(TestCaseExecutor.java:264)
	at com.kms.katalon.core.main.TestCaseExecutor.accessMainPhase(TestCaseExecutor.java:256)
	at com.kms.katalon.core.main.TestCaseExecutor.execute(TestCaseExecutor.java:200)
	at com.kms.katalon.core.main.TestSuiteExecutor.accessTestCaseMainPhase(TestSuiteExecutor.java:129)
	at com.kms.katalon.core.main.TestSuiteExecutor.accessTestSuiteMainPhase(TestSuiteExecutor.java:112)
	at com.kms.katalon.core.main.TestSuiteExecutor.execute(TestSuiteExecutor.java:81)
	at com.kms.katalon.core.main.TestCaseMain.startTestSuite(TestCaseMain.java:142)
	at com.kms.katalon.core.main.TestCaseMain$startTestSuite$0.call(Unknown Source)
	at org.codehaus.groovy.runtime.callsite.CallSiteArray.defaultCall(CallSiteArray.java:48)
	at org.codehaus.groovy.runtime.callsite.AbstractCallSite.call(AbstractCallSite.java:113)
	at org.codehaus.groovy.runtime.callsite.AbstractCallSite.call(AbstractCallSite.java:141)
	at TempTestSuite1542280619360.run(TempTestSuite1542280619360.groovy:36)
	at groovy.lang.GroovyShell.runScriptOrMainOrTestOrRunnable(GroovyShell.java:263)
	at groovy.lang.GroovyShell.run(GroovyShell.java:518)
	at groovy.lang.GroovyShell.run(GroovyShell.java:507)
	at groovy.ui.GroovyMain.processOnce(GroovyMain.java:653)
	at groovy.ui.GroovyMain.run(GroovyMain.java:384)
	at groovy.ui.GroovyMain.process(GroovyMain.java:370)
	at groovy.ui.GroovyMain.processArgs(GroovyMain.java:129)
	at groovy.ui.GroovyMain.main(GroovyMain.java:109)
	at sun.reflect.NativeMethodAccessorImpl.invoke0(Native Method)
	at sun.reflect.NativeMethodAccessorImpl.invoke(NativeMethodAccessorImpl.java:62)
	at sun.reflect.DelegatingMethodAccessorImpl.invoke(DelegatingMethodAccessorImpl.java:43)
	at java.lang.reflect.Method.invoke(Method.java:498)
	at org.codehaus.groovy.tools.GroovyStarter.rootLoader(GroovyStarter.java:109)
	at org.codehaus.groovy.tools.GroovyStarter.main(GroovyStarter.java:131)
)]]></system-err>
      </testcase>
      <testcase name="Test Cases/Mohit/New Test Case" classname="Test Cases/Mohit/New Test Case" status="PASSED">
         <system-out><![CDATA[2018-11-15 16:48:22 - [TEST_CASE][PASSED] - Test Cases/Mohit/New Test Case: Test Cases/Mohit/New Test Case

2018-11-15 16:48:22 - [TEST_STEP][PASSED] - openBrowser: Browser is opened with url: 'https://www.google.com'

2018-11-15 16:48:22 - [MESSAGE][WARNING] - A browser is already opened. Closing browser and opening a new one

2018-11-15 16:48:32 - [MESSAGE][PASSED] - Browser is opened with url: 'https://www.google.com'

2018-11-15 16:48:32 - [TEST_STEP][PASSED] - Statement - java.lang.Thread.sleep(5000): null

2018-11-15 16:48:37 - [TEST_STEP][PASSED] - closeBrowser: Browser is closed

2018-11-15 16:48:37 - [MESSAGE][PASSED] - Browser is closed]]></system-out>
         <system-err><![CDATA[]]></system-err>
      </testcase>
      <system-out><![CDATA[2018-11-15 16:47:07 - [TEST_SUITE][ERROR] - TestSuite 2: Test Cases/Mohit/File Upload_Sekuli FAILED because (of) (Stack trace: FindFailed: C:/Users/bhanawat_m/git/KatalonDemo/img/FileName.png: (210x30) in S(0)[0,0 1440x900] E:Y, T:3.0
  Line 2277, in file Region.java

	at org.sikuli.script.Region.wait(Region.java:2277)
	at org.sikuli.script.Region.wait(Region.java:2295)
	at org.sikuli.script.Region.getLocationFromTarget(Region.java:3270)
	at org.sikuli.script.Region.click(Region.java:3875)
	at org.sikuli.script.Region.paste(Region.java:4635)
	at org.sikuli.script.Region$paste$0.call(Unknown Source)
	at org.codehaus.groovy.runtime.callsite.CallSiteArray.defaultCall(CallSiteArray.java:48)
	at org.codehaus.groovy.runtime.callsite.AbstractCallSite.call(AbstractCallSite.java:113)
	at org.codehaus.groovy.runtime.callsite.AbstractCallSite.call(AbstractCallSite.java:133)
	at Script1542097864063.run(Script1542097864063.groovy:26)
	at com.kms.katalon.core.main.ScriptEngine.run(ScriptEngine.java:183)
	at com.kms.katalon.core.main.ScriptEngine.runScriptAsRawText(ScriptEngine.java:108)
	at com.kms.katalon.core.main.TestCaseExecutor.runScript(TestCaseExecutor.java:294)
	at com.kms.katalon.core.main.TestCaseExecutor.doExecute(TestCaseExecutor.java:285)
	at com.kms.katalon.core.main.TestCaseExecutor.processExecutionPhase(TestCaseExecutor.java:264)
	at com.kms.katalon.core.main.TestCaseExecutor.accessMainPhase(TestCaseExecutor.java:256)
	at com.kms.katalon.core.main.TestCaseExecutor.execute(TestCaseExecutor.java:200)
	at com.kms.katalon.core.main.TestSuiteExecutor.accessTestCaseMainPhase(TestSuiteExecutor.java:129)
	at com.kms.katalon.core.main.TestSuiteExecutor.accessTestSuiteMainPhase(TestSuiteExecutor.java:112)
	at com.kms.katalon.core.main.TestSuiteExecutor.execute(TestSuiteExecutor.java:81)
	at com.kms.katalon.core.main.TestCaseMain.startTestSuite(TestCaseMain.java:142)
	at com.kms.katalon.core.main.TestCaseMain$startTestSuite$0.call(Unknown Source)
	at org.codehaus.groovy.runtime.callsite.CallSiteArray.defaultCall(CallSiteArray.java:48)
	at org.codehaus.groovy.runtime.callsite.AbstractCallSite.call(AbstractCallSite.java:113)
	at org.codehaus.groovy.runtime.callsite.AbstractCallSite.call(AbstractCallSite.java:141)
	at TempTestSuite1542280619360.run(TempTestSuite1542280619360.groovy:36)
	at groovy.lang.GroovyShell.runScriptOrMainOrTestOrRunnable(GroovyShell.java:263)
	at groovy.lang.GroovyShell.run(GroovyShell.java:518)
	at groovy.lang.GroovyShell.run(GroovyShell.java:507)
	at groovy.ui.GroovyMain.processOnce(GroovyMain.java:653)
	at groovy.ui.GroovyMain.run(GroovyMain.java:384)
	at groovy.ui.GroovyMain.process(GroovyMain.java:370)
	at groovy.ui.GroovyMain.processArgs(GroovyMain.java:129)
	at groovy.ui.GroovyMain.main(GroovyMain.java:109)
	at sun.reflect.NativeMethodAccessorImpl.invoke0(Native Method)
	at sun.reflect.NativeMethodAccessorImpl.invoke(NativeMethodAccessorImpl.java:62)
	at sun.reflect.DelegatingMethodAccessorImpl.invoke(DelegatingMethodAccessorImpl.java:43)
	at java.lang.reflect.Method.invoke(Method.java:498)
	at org.codehaus.groovy.tools.GroovyStarter.rootLoader(GroovyStarter.java:109)
	at org.codehaus.groovy.tools.GroovyStarter.main(GroovyStarter.java:131)
)]]></system-out>
      <system-err><![CDATA[2018-11-15 16:47:07 - [TEST_SUITE][ERROR] - TestSuite 2: Test Cases/Mohit/File Upload_Sekuli FAILED because (of) (Stack trace: FindFailed: C:/Users/bhanawat_m/git/KatalonDemo/img/FileName.png: (210x30) in S(0)[0,0 1440x900] E:Y, T:3.0
  Line 2277, in file Region.java

	at org.sikuli.script.Region.wait(Region.java:2277)
	at org.sikuli.script.Region.wait(Region.java:2295)
	at org.sikuli.script.Region.getLocationFromTarget(Region.java:3270)
	at org.sikuli.script.Region.click(Region.java:3875)
	at org.sikuli.script.Region.paste(Region.java:4635)
	at org.sikuli.script.Region$paste$0.call(Unknown Source)
	at org.codehaus.groovy.runtime.callsite.CallSiteArray.defaultCall(CallSiteArray.java:48)
	at org.codehaus.groovy.runtime.callsite.AbstractCallSite.call(AbstractCallSite.java:113)
	at org.codehaus.groovy.runtime.callsite.AbstractCallSite.call(AbstractCallSite.java:133)
	at Script1542097864063.run(Script1542097864063.groovy:26)
	at com.kms.katalon.core.main.ScriptEngine.run(ScriptEngine.java:183)
	at com.kms.katalon.core.main.ScriptEngine.runScriptAsRawText(ScriptEngine.java:108)
	at com.kms.katalon.core.main.TestCaseExecutor.runScript(TestCaseExecutor.java:294)
	at com.kms.katalon.core.main.TestCaseExecutor.doExecute(TestCaseExecutor.java:285)
	at com.kms.katalon.core.main.TestCaseExecutor.processExecutionPhase(TestCaseExecutor.java:264)
	at com.kms.katalon.core.main.TestCaseExecutor.accessMainPhase(TestCaseExecutor.java:256)
	at com.kms.katalon.core.main.TestCaseExecutor.execute(TestCaseExecutor.java:200)
	at com.kms.katalon.core.main.TestSuiteExecutor.accessTestCaseMainPhase(TestSuiteExecutor.java:129)
	at com.kms.katalon.core.main.TestSuiteExecutor.accessTestSuiteMainPhase(TestSuiteExecutor.java:112)
	at com.kms.katalon.core.main.TestSuiteExecutor.execute(TestSuiteExecutor.java:81)
	at com.kms.katalon.core.main.TestCaseMain.startTestSuite(TestCaseMain.java:142)
	at com.kms.katalon.core.main.TestCaseMain$startTestSuite$0.call(Unknown Source)
	at org.codehaus.groovy.runtime.callsite.CallSiteArray.defaultCall(CallSiteArray.java:48)
	at org.codehaus.groovy.runtime.callsite.AbstractCallSite.call(AbstractCallSite.java:113)
	at org.codehaus.groovy.runtime.callsite.AbstractCallSite.call(AbstractCallSite.java:141)
	at TempTestSuite1542280619360.run(TempTestSuite1542280619360.groovy:36)
	at groovy.lang.GroovyShell.runScriptOrMainOrTestOrRunnable(GroovyShell.java:263)
	at groovy.lang.GroovyShell.run(GroovyShell.java:518)
	at groovy.lang.GroovyShell.run(GroovyShell.java:507)
	at groovy.ui.GroovyMain.processOnce(GroovyMain.java:653)
	at groovy.ui.GroovyMain.run(GroovyMain.java:384)
	at groovy.ui.GroovyMain.process(GroovyMain.java:370)
	at groovy.ui.GroovyMain.processArgs(GroovyMain.java:129)
	at groovy.ui.GroovyMain.main(GroovyMain.java:109)
	at sun.reflect.NativeMethodAccessorImpl.invoke0(Native Method)
	at sun.reflect.NativeMethodAccessorImpl.invoke(NativeMethodAccessorImpl.java:62)
	at sun.reflect.DelegatingMethodAccessorImpl.invoke(DelegatingMethodAccessorImpl.java:43)
	at java.lang.reflect.Method.invoke(Method.java:498)
	at org.codehaus.groovy.tools.GroovyStarter.rootLoader(GroovyStarter.java:109)
	at org.codehaus.groovy.tools.GroovyStarter.main(GroovyStarter.java:131)
)]]></system-err>
   </testsuite>
</testsuites>
